/home/mkpacc/CURRENT_IMPORT_GRAPHICS/G_DE_HABW_151-35Theol29_fol2v/01_Overall/G_DE_HABW_151-35Theol29_fol2v_Overall.tif
/home/mkpacc/CURRENT_IMPORT_GRAPHICS/G_DE_HABW_151-35Theol29_fol2v/01_Overall/G_DE_HABW_151-35Theol29_fol2v_Overall-001.tif
/home/mkpacc/CURRENT_IMPORT_GRAPHICS/G_UK_BML_1845-0809-1371/13_Transmitted-light/G_UK_BML_1845-0809-1371_2020_TL-WM-MIR.tif
/home/mkpacc/CURRENT_IMPORT_GRAPHICS/G_UK_BML_1845-0809-1371/13_Transmitted-light/G_UK_BML_1845-0809-1371_2020_TL-WM.tif
/home/mkpacc/CURRENT_IMPORT_GRAPHICS/G_DE_SMBKSK_818-2/13_Transmitted-light/G_DE_SMBKSK_818-2_2019_TL-WM-TRN.tif
/home/mkpacc/CURRENT_IMPORT_GRAPHICS/G_DE_HABW_104-3Theol26_fin-v/13_Transmitted-light/G_DE_HABW_104-3Theol26_fin-v_2019_TL-WM-TRN.tif
/home/mkpacc/CURRENT_IMPORT_GRAPHICS/G_DE_LBC_Lu-Ia-1520-29/13_Transmitted-light/G_DE_LBC_Lu-Ia-1520-29_2019_TL-WM-TRN.tif
/home/mkpacc/CURRENT_IMPORT_GRAPHICS/G_DE_SMBKSK_208-1982/13_Transmitted-light/G_DE_SMBKSK_208-1982_2019_TL-WM-TRN.tif
/home/mkpacc/CURRENT_IMPORT_GRAPHICS/G_AT_ONBW_35-R-199/13_Transmitted-light/G_AT_ONBW_35-R-199_2019_TL-WM-TRN.tif
/home/mkpacc/CURRENT_IMPORT_GRAPHICS/G_DE_HABW_151-12Theol1/13_Transmitted-light/G_DE_HABW_151-12Theol1_2019_TL-WM-TRN.tif
/home/mkpacc/CURRENT_IMPORT_GRAPHICS/G_DE_WLBS_B_deutsch_1526_04_fol1r/13_Transmitted-light/G_DE_WLBS_B_deutsch_1526_04_fol1r_2020_TL-WM-TRN-INV.tif
/home/mkpacc/CURRENT_IMPORT_GRAPHICS/G_DE_RFBW_Ag-4-191b/13_Transmitted-light/G_DE_RFBW_Ag-4-191b_2019_TL-WM-TRN.tif
/home/mkpacc/CURRENT_IMPORT_GRAPHICS/G_DE_LHW_fl-IIIa-217/13_Transmitted-light/G_DE_LHW_fl-IIIa-217_2019_TL-WM.tif
/home/mkpacc/CURRENT_IMPORT_GRAPHICS/G_DE_LHW_fl-IIIa-217/13_Transmitted-light/G_DE_LHW_fl-IIIa-217_2019_TL-WM-INV.tif
/home/mkpacc/CURRENT_IMPORT_GRAPHICS/G_DE_KSW_Aut-V-III-10/13_Transmitted-light/G_DE_KSW_Aut-V-III-10_2019_TL-WM-TRN.tif
/home/mkpacc/CURRENT_IMPORT_GRAPHICS/G_DE_KSW_KK101a/13_Transmitted-light/G_DE_KSW_KK101a_2019_TL-WM-INV.tif
/home/mkpacc/CURRENT_IMPORT_GRAPHICS/G_DE_KSW_KK101a/13_Transmitted-light/G_DE_KSW_KK101a_2019_TL-WM.tif
/home/mkpacc/CURRENT_IMPORT_GRAPHICS/G_DE_SGSM_138035D/13_Transmitted-light/G_DE_SGSM_138035D_TL-WM-TRN.tif
/home/mkpacc/CURRENT_IMPORT_GRAPHICS/G_DE_KSW_Aut-Luther-1522-84/13_Transmitted-light/G_DE_KSW_Aut-Luther-1522-84_2019_TL-WM-TRN.tif
/home/mkpacc/CURRENT_IMPORT_GRAPHICS/G_DE_SMG_G43-101/13_Transmitted-light/G_DE_SMG_G43-101_2019_TL-WM-TRN.tif
/home/mkpacc/CURRENT_IMPORT_GRAPHICS/G_DE_HABW_149-14Theol8_fol1r/13_Transmitted-light/G_DE_HABW_149-14Theol8_fol1r_2019_TL-WM-TRN.tif
/home/mkpacc/CURRENT_IMPORT_GRAPHICS/G_DE_UBA_Graph22-1/13_Transmitted-light/G_DE_UBA_Graph22-1_2020_TL-WM-MIR.tif
/home/mkpacc/CURRENT_IMPORT_GRAPHICS/G_DE_SMBKSK_857-2/06_Other/G_DE_SMBKSK_857-2_2019_Raking-light-WM-TRN.tif
/home/mkpacc/CURRENT_IMPORT_GRAPHICS/G_DE_KSW_Aut-ben-AutStifel-M69a_fol2v/13_Transmitted-light/G_DE_KSW_Aut-ben-AutStifel-M69a_fol2v_2019_TL-WM-TRN.tif
/home/mkpacc/CURRENT_IMPORT_GRAPHICS/G_DE_LHW_4-II-205/13_Transmitted-light/G_DE_LHW_4-II-205_2019_TL-WM-MIR.tif
/home/mkpacc/CURRENT_IMPORT_GRAPHICS/G_DE_HABW_511-29Theol1_fin-v/13_Transmitted-light/G_DE_HABW_511-29Theol1_fin-v_2019_TL-WM-TRN.tif
/home/mkpacc/CURRENT_IMPORT_GRAPHICS/G_DE_HABW_H60-4-Helmst1_fol2v/01_Overall/G_DE_HABW_H60-4-Helmst1_fol2v_Overall.tif
/home/mkpacc/CURRENT_IMPORT_GRAPHICS/G_DE_HABW_H60-4-Helmst1_fol2v/01_Overall/G_DE_HABW_H60-4-Helmst1_fol2v_Overall-001.tif
/home/mkpacc/CURRENT_IMPORT_GRAPHICS/G_DE_SBBa_IVA3468/G_DE_SBBa_IVA3468_2019_TL-WM-TRN.tif
/home/mkpacc/CURRENT_IMPORT_GRAPHICS/G_DE_SBBa_IVA3468/G_DE_SBBa_IVA3468_2019_TL-WM-TRN-INV.tif
/home/mkpacc/CURRENT_IMPORT_GRAPHICS/G_AT_ONBW_PORT_00005021-01/13_Transmitted-light/G_AT_ONBW_PORT_00005021-01_2019_TL-WM-TRN.tif
/home/mkpacc/CURRENT_IMPORT_GRAPHICS/G_AT_ONBW_PORT_00005021-01/13_Transmitted-light/G_AT_ONBW_PORT_00005021-01_2019_TL-WM-TRN-INV.tif
/home/mkpacc/CURRENT_IMPORT_GRAPHICS/G_US_YUAG_1964-9-8/01_Overall/G_US_YUAG_1964-9-8_Overall.tif
/home/mkpacc/CURRENT_IMPORT_GRAPHICS/G_US_YUAG_1964-9-8/01_Overall/G_US_YUAG_1964-9-8_Overall-001.tif
/home/mkpacc/CURRENT_IMPORT_GRAPHICS/G_UK_BML_1870-0625-566/13_Transmitted-light/G_UK_BML_1870-0625-566_2020_TL-WM-TRN.tif
/home/mkpacc/CURRENT_IMPORT_GRAPHICS/G_UK_BML_1870-0625-566/13_Transmitted-light/G_UK_BML_1870-0625-566_2020_TL-WM-TRN-INV.tif
/home/mkpacc/CURRENT_IMPORT_GRAPHICS/G_DE_SGS_A2978/G_DE_SGS_A2978_2020_TL-WM-TRN.tif
/home/mkpacc/CURRENT_IMPORT_GRAPHICS/G_DE_SGS_A2978/G_DE_SGS_A2978_2020_TL-WM-TRN-INV.tif
/home/mkpacc/CURRENT_IMPORT_GRAPHICS/G_AT_A_DI-19a-fol64-401-1949/13_Transmitted-light/G_AT_A_DI-19a-fol64-401-1949_2019_TL-WM-TRN-INV.tif
/home/mkpacc/CURRENT_IMPORT_GRAPHICS/G_AT_A_DI-19a-fol64-401-1949/13_Transmitted-light/G_AT_A_DI-19a-fol64-401-1949_2019_TL-WM-TRN.tif
/home/mkpacc/CURRENT_IMPORT_GRAPHICS/G_DE_HABW_K258-4Helmst6_fol1r/13_Transmitted-light/G_DE_HABW_K258-4Helmst6_fol1r_2019_TL-WM-TRN.tif
/home/mkpacc/CURRENT_IMPORT_GRAPHICS/G_UK_BML_1927-0614-88/13_Transmitted-light/G_UK_BML_1927-0614-88_2020_TL-WM-INV.tif
/home/mkpacc/CURRENT_IMPORT_GRAPHICS/G_UK_BML_1927-0614-88/13_Transmitted-light/G_UK_BML_1927-0614-88_2020_TL-WM.tif
/home/mkpacc/CURRENT_IMPORT_GRAPHICS/G_AT_A_DG1929-429/13_Transmitted-light/G_AT_A_DG1929-429_2019_TL-WM-TRN.tif
/home/mkpacc/CURRENT_IMPORT_GRAPHICS/G_DE_KSW_Aut-ben-AutStifel-M69a_fin-v/13_Transmitted-light/G_DE_KSW_Aut-ben-AutStifel-M69a_fin-v_2019_TL-WM-TRN.tif
/home/mkpacc/CURRENT_IMPORT_GRAPHICS/G_DE_KSVC_I-41-8/13_Transmitted-light/G_DE_KSVC_I-41-8_2019_TL-WM-TRN.tif
/home/mkpacc/CURRENT_IMPORT_GRAPHICS/G_DE_KSVC_I-41-8/13_Transmitted-light/G_DE_KSVC_I-41-8_2019_TL-WM-TRN-INV.tif
/home/mkpacc/CURRENT_IMPORT_GRAPHICS/G_AT_A_DI-21-fol57-1936-1133/13_Transmitted-light/G_AT_A_DI-21-fol57-1936-1133_2019_TL-WM-TRN.tif
/home/mkpacc/CURRENT_IMPORT_GRAPHICS/G_AT_A_DI-21-fol57-1936-1133/13_Transmitted-light/G_AT_A_DI-21-fol57-1936-1133_2019_TL-WM-INV-TRN.tif
/home/mkpacc/CURRENT_IMPORT_GRAPHICS/G_DE_HABW_131-2Theol1/13_Transmitted-light/G_DE_HABW_131-2Theol1_2019_TL-WM-TRN.tif
/home/mkpacc/CURRENT_IMPORT_GRAPHICS/G_DE_SGSM_14448D/G_DE_SGSM_14448D_2020_TL-WM.tif
/home/mkpacc/CURRENT_IMPORT_GRAPHICS/G_DE_SGSM_14448D/G_DE_SGSM_14448D_2020_TL-WM-INV.tif
/home/mkpacc/CURRENT_IMPORT_GRAPHICS/G_AT_A_DG1929-78/13_Transmitted-light/G_AT_A_DG1929-78_TL-WM-TRN-INV.tif
/home/mkpacc/CURRENT_IMPORT_GRAPHICS/G_AT_A_DG1929-78/13_Transmitted-light/G_AT_A_DG1929-78_TL-WM-TRN-003.tif
/home/mkpacc/CURRENT_IMPORT_GRAPHICS/G_AT_A_DG1929-78/13_Transmitted-light/G_AT_A_DG1929-78_TL-WM-TRN-001.tif
/home/mkpacc/CURRENT_IMPORT_GRAPHICS/G_AT_A_DG1929-78/13_Transmitted-light/G_AT_A_DG1929-78_TL-WM-TRN-002.tif
/home/mkpacc/CURRENT_IMPORT_GRAPHICS/G_DE_SLUB_Hist-eccl-E-321-8/13_Transmitted-light/G_DE_SLUB_Hist-eccl-E-321-8_2019_TL-WM-TRN.tif
/home/mkpacc/CURRENT_IMPORT_GRAPHICS/G_DE_HABW_127-2Quod1/13_Transmitted-light/G_DE_HABW_127-2Quod1_2019_TL-WM-TRN.tif
/home/mkpacc/CURRENT_IMPORT_GRAPHICS/G_FR_BNUS_L103-138/13_Transmitted-light/G_FR_BNUS_L103-138_2020_TL-WM-TRN.tif
/home/mkpacc/CURRENT_IMPORT_GRAPHICS/G_DE_SMG_38-3/13_Transmitted-light/G_DE_SMG_38-3_TL-WM-INV-001.tif
/home/mkpacc/CURRENT_IMPORT_GRAPHICS/G_DE_SMG_38-3/13_Transmitted-light/G_DE_SMG_38-3_2019_TL-WM-TRN-002.tif
/home/mkpacc/CURRENT_IMPORT_GRAPHICS/G_DE_SMG_38-3/13_Transmitted-light/G_DE_SMG_38-3_TL-WM-001.tif
/home/mkpacc/CURRENT_IMPORT_GRAPHICS/G_DE_SMG_38-3/13_Transmitted-light/G_DE_SMG_38-3_2019_TL-WM-TRN-INV-002.tif
/home/mkpacc/CURRENT_IMPORT_GRAPHICS/G_DE_KSW_Reg-2010-873/13_Transmitted-light/G_DE_KSW_Reg-2010-873_2019_TL-WM-TRN-INV.tif
/home/mkpacc/CURRENT_IMPORT_GRAPHICS/G_DE_KSW_Reg-2010-873/13_Transmitted-light/G_DE_KSW_Reg-2010-873_2019_TL-WM-TRN.tif
/home/mkpacc/CURRENT_IMPORT_GRAPHICS/G_DE_HABW_511-29Theol1_fol1v/13_Transmitted-light/G_DE_HABW_511-29Theol1_fol1v_2019_TL-WM-TRN.tif
/home/mkpacc/CURRENT_IMPORT_GRAPHICS/G_DE_LHW_IVb-210/13_Transmitted-light/G_DE_LHW_IVb-210_2019_TL-WM.tif
/home/mkpacc/CURRENT_IMPORT_GRAPHICS/G_DE_HABW_104-5Theol11/13_Transmitted-light/G_DE_HABW_104-5Theol11_2019_TL-WM-TRN.tif
/home/mkpacc/CURRENT_IMPORT_GRAPHICS/G_DE_KSW_Aut-ben-AutStifel-M69a_fol1r/13_Transmitted-light/G_DE_KSW_Aut-ben-AutStifel-M69a_fol1r_2019_TL-WM-TRN.tif
/home/mkpacc/CURRENT_IMPORT_GRAPHICS/G_DE_SLUB_Hist-eccl-E-301-28/13_Transmitted-light/G_DE_SLUB_Hist-eccl-E-301-28_2019_TL-WM-TRN.tif
/home/mkpacc/CURRENT_IMPORT_GRAPHICS/G_DE_SMBKSK_708-63/13_Transmitted-light/G_DE_SMBKSK_708-63_2019_TL-WM-TRN-MIR.tif
/home/mkpacc/CURRENT_IMPORT_GRAPHICS/G_DE_KSW_Aut-Luther-1523-58/13_Transmitted-light/G_DE_KSW_Aut-Luther-1523-58_2019_TL-WM-TRN.tif
/home/mkpacc/CURRENT_IMPORT_GRAPHICS/G_DE_HABW_99-4Theol8_fin-v/13_Transmitted-light/G_DE_HABW_99-4Theol8_fin-v_2019_TL-WM-TRN.tif
/home/mkpacc/CURRENT_IMPORT_GRAPHICS/G_DE_LHW_4-III-206/13_Transmitted-light/G_DE_LHW_4-III-206_2019_TL-WM-TRN.tif
/home/mkpacc/CURRENT_IMPORT_GRAPHICS/G_DE_MKKM_C-601122PAD/13_Transmitted-light/G_DE_MKKM_C-601122PAD_2020_TL-WM.tif
/home/mkpacc/CURRENT_IMPORT_GRAPHICS/G_DE_MKKM_C-601122PAD/13_Transmitted-light/G_DE_MKKM_C-601122PAD_TL-WM-TRN.tif
/home/mkpacc/CURRENT_IMPORT_GRAPHICS/G_DE_KSVC_H0064/13_Transmitted-light/13_Transmitted-light/G_DE_KSVC_H0064_2019_TL-WM.tif
/home/mkpacc/CURRENT_IMPORT_GRAPHICS/G_DE_KSVC_H0064/13_Transmitted-light/13_Transmitted-light/G_DE_KSVC_H0064_2019_TL-WM-INV.tif
/home/mkpacc/CURRENT_IMPORT_GRAPHICS/G_DE_KSVC_H0064/06_Detail/G_DE_KSVC_H0064_Detail-009.tif
/home/mkpacc/CURRENT_IMPORT_GRAPHICS/G_DE_KSVC_H0064/06_Detail/G_DE_KSVC_H0064_Detail-007.tif
/home/mkpacc/CURRENT_IMPORT_GRAPHICS/G_DE_KSVC_H0064/06_Detail/G_DE_KSVC_H0064_Detail-005.tif
/home/mkpacc/CURRENT_IMPORT_GRAPHICS/G_DE_KSVC_H0064/06_Detail/G_DE_KSVC_H0064_Detail-001.tif
/home/mkpacc/CURRENT_IMPORT_GRAPHICS/G_DE_KSVC_H0064/06_Detail/G_DE_KSVC_H0064_Detail-002.tif
/home/mkpacc/CURRENT_IMPORT_GRAPHICS/G_DE_KSVC_H0064/06_Detail/G_DE_KSVC_H0064_Detail-006.tif
/home/mkpacc/CURRENT_IMPORT_GRAPHICS/G_DE_KSVC_H0064/06_Detail/G_DE_KSVC_H0064_Detail-004.tif
/home/mkpacc/CURRENT_IMPORT_GRAPHICS/G_DE_KSVC_H0064/06_Detail/G_DE_KSVC_H0064_Detail-003.tif
/home/mkpacc/CURRENT_IMPORT_GRAPHICS/G_DE_KSVC_H0064/06_Detail/G_DE_KSVC_H0064_Detail-010.tif
/home/mkpacc/CURRENT_IMPORT_GRAPHICS/G_DE_KSVC_H0064/06_Detail/G_DE_KSVC_H0064_Detail-008.tif
/home/mkpacc/CURRENT_IMPORT_GRAPHICS/G_DE_KSVC_H0064/06_Detail/G_DE_KSVC_H0064_Detail-011.tif
/home/mkpacc/CURRENT_IMPORT_GRAPHICS/G_AT_A_DG1929-242/13_Transmitted-light/G_AT_A_DG1929-242_TL-WM-TRN.tif
/home/mkpacc/CURRENT_IMPORT_GRAPHICS/G_AT_A_DG1929-242/13_Transmitted-light/G_AT_A_DG1929-242_TL-WM-TRN-INV.tif
/home/mkpacc/CURRENT_IMPORT_GRAPHICS/G_DE_KSW_Aut-Luther-1523-38/13_Transmitted-light/G_DE_KSW_Aut-Luther-1523-38_2019_TL-WM-TRN.tif
/home/mkpacc/CURRENT_IMPORT_GRAPHICS/G_AT_ONBW_43-V-82/13_Transmitted-light/G_AT_ONBW_43-V-82_2019_TL-WM-TRN.tif
/home/mkpacc/CURRENT_IMPORT_GRAPHICS/G_DE_HABW_131-2Theol12/13_Transmitted-light/G_DE_HABW_131-2Theol12_2019_TL-WM-TRN.tif
/home/mkpacc/CURRENT_IMPORT_GRAPHICS/G_DE_LHW_4-II-fl-IIa-GR9308/13_Transmitted-light/G_DE_LHW_4-II-fl-IIa-GR9308_2019_TL-WM-TRN.tif
/home/mkpacc/CURRENT_IMPORT_GRAPHICS/G_UK_BML_1911-0708-39/13_Transmitted-light/G_UK_BML_1911-0708-39_2020_TL-WM-TRN.tif
/home/mkpacc/CURRENT_IMPORT_GRAPHICS/G_FR_BNUS_R104-251_fol1r/13_Transmitted-light/G_FR_BNUS_R104-251_fol1r_2020_TL-WM-TRN.tif
/home/mkpacc/CURRENT_IMPORT_GRAPHICS/G_DE_KSW_Gr-2008-4835b/13_Transmitted-light/G_DE_KSW_Gr-2008-4835b_2019_TL-WM-MIR.tif
/home/mkpacc/CURRENT_IMPORT_GRAPHICS/G_DE_SBB_Luth1375ter/G_DE_SBB_Luth1375ter_2019_TL-WM-TRN.tif
/home/mkpacc/CURRENT_IMPORT_GRAPHICS/G_DE_HABW_308Theol1/13_Transmitted-light/G_DE_HABW_308Theol1_2019_TL-WM-TRN.tif
/home/mkpacc/CURRENT_IMPORT_GRAPHICS/G_US_MMANY_41-1-163/01_Overall/G_US_MMANY_41-1-163_Overall.tif
/home/mkpacc/CURRENT_IMPORT_GRAPHICS/G_US_MMANY_41-1-163/01_Overall/G_US_MMANY_41-1-163_Overall-001.tif
/home/mkpacc/CURRENT_IMPORT_GRAPHICS/G_US_MMANY_41-1-163/02_Reverse/G_US_MMANY_41-1-163_Reverse.tif
/home/mkpacc/CURRENT_IMPORT_GRAPHICS/G_US_MMANY_41-1-163/09_Other/G_US_MMANY_41-1-163_Raking-light.tif
/home/mkpacc/CURRENT_IMPORT_GRAPHICS/G_US_MMANY_41-1-163/13_Transmitted-light/G_US_MMANY_41-1-163_TL.tif
/home/mkpacc/CURRENT_IMPORT_GRAPHICS/G_DE_SLUB_Hist-eccl-E-298-14/13_Transmitted-light/G_DE_SLUB_Hist-eccl-E-298-14_2019_TL-WM-TRN.tif
/home/mkpacc/CURRENT_IMPORT_GRAPHICS/G_DE_SMBKSK_819-2/13_Transmitted-light/G_DE_SMBKSK_819-2_2019_TL-WM.tif
/home/mkpacc/CURRENT_IMPORT_GRAPHICS/G_DE_GNMN_H1933/13_Transmitted-light/G_DE_GNMN_H1933_TL-WM-INV.tif
/home/mkpacc/CURRENT_IMPORT_GRAPHICS/G_DE_GNMN_H1933/13_Transmitted-light/G_DE_GNMN_H1933_TL-WM.tif
/home/mkpacc/CURRENT_IMPORT_GRAPHICS/G_DE_SBB_Hymn3010_fol1r/G_DE_SBB_Hymn3010_fol1r_2019_TL-WM-TRN.tif
/home/mkpacc/CURRENT_IMPORT_GRAPHICS/G_UK_BML_1903-0408-21/13_Transmitted-light/G_UK_BML_1903-0408-21_2020_TL-WM-TRN-MIR.tif
/home/mkpacc/CURRENT_IMPORT_GRAPHICS/G_AT_ONBW_32-E-44/13_Transmitted-light/G_AT_ONBW_32-E-44_2019_TL-WM-TRN-INV.tif
/home/mkpacc/CURRENT_IMPORT_GRAPHICS/G_AT_ONBW_32-E-44/13_Transmitted-light/G_AT_ONBW_32-E-44_2019_TL-WM-TRN.tif
/home/mkpacc/CURRENT_IMPORT_GRAPHICS/G_US_MFA_M8890/01_Overall/G_US_MFA_M8890_Overall-001.tif
/home/mkpacc/CURRENT_IMPORT_GRAPHICS/G_US_MFA_M8890/01_Overall/G_US_MFA_M8890_Overall.tif
/home/mkpacc/CURRENT_IMPORT_GRAPHICS/G_DE_SBB_Hymn3018a_fol1r/G_DE_SBB_Hymn3018a_fol1r_2019_TL-WM-TRN.tif
/home/mkpacc/CURRENT_IMPORT_GRAPHICS/G_AT_ONBW_40-N-125/13_Transmitted-light/G_AT_ONBW_40-N-125_2019_TL-WM-TRN.tif
/home/mkpacc/CURRENT_IMPORT_GRAPHICS/G_US_YUAG_1935-595/01_Overall/G_US_YUAG_1935-595_Overall.tif
/home/mkpacc/CURRENT_IMPORT_GRAPHICS/G_US_YUAG_1935-595/01_Overall/G_US_YUAG_1935-595_Overall-001.tif
/home/mkpacc/CURRENT_IMPORT_GRAPHICS/G_AT_A_DG2017-1-759/13_Transmitted-light/G_AT_A_DG2017-1-759_2019_TL-WM-TRN-INV.tif
/home/mkpacc/CURRENT_IMPORT_GRAPHICS/G_AT_A_DG2017-1-759/13_Transmitted-light/G_AT_A_DG2017-1-759_2019_TL-WM-TRN.tif
/home/mkpacc/CURRENT_IMPORT_GRAPHICS/G_DE_HABW_133-4Theol22/13_Transmitted-light/G_DE_HABW_133-4Theol22_2019_TL-WM-TRN.tif
/home/mkpacc/CURRENT_IMPORT_GRAPHICS/G_US_MMANY_27-54-27/01_Overall/G_US_MMANY_27-54-27_Overall.tif
/home/mkpacc/CURRENT_IMPORT_GRAPHICS/G_US_MMANY_27-54-27/01_Overall/G_US_MMANY_27-54-27_Overall-001.tif
/home/mkpacc/CURRENT_IMPORT_GRAPHICS/G_US_MMANY_27-54-27/02_Reverse/G_US_MMANY_27-54-27_Reverse.tif
/home/mkpacc/CURRENT_IMPORT_GRAPHICS/G_US_MMANY_27-54-27/09_Other/G_US_MMANY_27-54-27_Raking-light.tif
/home/mkpacc/CURRENT_IMPORT_GRAPHICS/G_US_MMANY_27-54-27/13_Transmitted-light/G_US_MMANY_27-54-27_TL.tif
/home/mkpacc/CURRENT_IMPORT_GRAPHICS/G_DE_SBBa_IM68c/G_DE_SBBa_IM68c_2019_TL-WM.tif
/home/mkpacc/CURRENT_IMPORT_GRAPHICS/G_DE_SBBa_IM68c/G_DE_SBBa_IM68c_2019_TL-WM-INV.tif
/home/mkpacc/CURRENT_IMPORT_GRAPHICS/G_DE_HABW_H60-4Helmst1_fol1r/13_Transmitted-light/G_DE_HABW_H60-4Helmst1_fol1r_2019_TL-WM-TRN.tif
/home/mkpacc/CURRENT_IMPORT_GRAPHICS/G_UK_BML_1854-1113-232/13_Transmitted-light/G_UK_BML_1854-1113-232_2020_TL-WM-TRN-INV.tif
/home/mkpacc/CURRENT_IMPORT_GRAPHICS/G_UK_BML_1854-1113-232/13_Transmitted-light/G_UK_BML_1854-1113-232_2020_TL-WM-TRN.tif
/home/mkpacc/CURRENT_IMPORT_GRAPHICS/G_DE_HAUMB_LCranachdAe-V3-169/01_Overall/G_DE_HAUMB_LCranachdAe-V3-169_Overall-001.tif
/home/mkpacc/CURRENT_IMPORT_GRAPHICS/G_DE_HAUMB_LCranachdAe-V3-169/01_Overall/G_DE_HAUMB_LCranachdAe-V3-169_Overall.tif
/home/mkpacc/CURRENT_IMPORT_GRAPHICS/G_DE_HAUMB_LCranachdAe-V3-169/02_Reverse/G_DE_HAUMB_LCranachdAe-V3-169_Reverse.tif
/home/mkpacc/CURRENT_IMPORT_GRAPHICS/G_DE_HAUMB_LCranachdAe-V3-169/13_Transmitted-light/G_DE_HAUMB_LCranachdAe-V3-169_TL.tif
/home/mkpacc/CURRENT_IMPORT_GRAPHICS/G_DE_SBB_Hymn3018_fol1r/G_DE_SBB_Hymn3018_fol1r_2019_TL-WM-TRN.tif
/home/mkpacc/CURRENT_IMPORT_GRAPHICS/G_DE_HABW_96-20Theol2_fol2v/13_Transmitted-light/G_DE_HABW_96-20Theol2_fol2v_2019_TL-WM-TRN.tif
/home/mkpacc/CURRENT_IMPORT_GRAPHICS/G_DE_LBC_Lu-Ia-1520-22/13_Transmitted-light/G_DE_LBC_Lu-Ia-1520-22_2019_TL-WM-TRN.tif
/home/mkpacc/CURRENT_IMPORT_GRAPHICS/G_DE_HABW_MLi5530SlgHardt22-325/13_Transmitted-light/G_DE_HABW_MLi5530SlgHardt22-325_2019_TL-WM-TRN.tif
/home/mkpacc/CURRENT_IMPORT_GRAPHICS/G_AT_A_DG1929-428/13_Transmitted-light/G_AT_A_DG1929-428_2019_TL-WM-TRN.tif
/home/mkpacc/CURRENT_IMPORT_GRAPHICS/G_AT_ONBW_45-J-113/13_Transmitted-light/G_AT_ONBW_45-J-113_2019_TL-WM-TRN.tif
/home/mkpacc/CURRENT_IMPORT_GRAPHICS/G_AT_ONBW_644-A-Alt/13_Transmitted-light/G_AT_ONBW_644-A-Alt_2019_TL-WM-TRN.tif
/home/mkpacc/CURRENT_IMPORT_GRAPHICS/G_DE_SMBKSK_817-2/13_Transmitted-light/G_DE_SMBKSK_817-2_2019_TL-WM-TRN.tif
/home/mkpacc/CURRENT_IMPORT_GRAPHICS/G_DE_RFBW_Kn-K-57/G_DE_RFBW_Kn-K-57_2019_TL-WM-TRN.tif
/home/mkpacc/CURRENT_IMPORT_GRAPHICS/G_UK_BML_1870-0625-521/13_Transmitted-light/G_UK_BML_1870-0625-521_2020_TL-WM.tif
/home/mkpacc/CURRENT_IMPORT_GRAPHICS/G_DE_KHB_9024/13_Transmitted-light/G_DE_KHB_9024_TL-WM-001.tif
/home/mkpacc/CURRENT_IMPORT_GRAPHICS/G_DE_KHB_9024/13_Transmitted-light/G_DE_KHB_9024_TL-WM-002.tif
/home/mkpacc/CURRENT_IMPORT_GRAPHICS/G_DE_KHB_9024/13_Transmitted-light/G_DE_KHB_9024_TL-WM-INV.tif
/home/mkpacc/CURRENT_IMPORT_GRAPHICS/G_DE_RFBW_Ag-4-188u/13_Transmitted-light/G_DE_RFBW_Ag-4-188u_2019_TL-WM-TRN-001.tif
/home/mkpacc/CURRENT_IMPORT_GRAPHICS/G_DE_RFBW_Ag-4-188u/13_Transmitted-light/G_DE_RFBW_Ag-4-188u_2019_TL-WM-TRN-002.tif
/home/mkpacc/CURRENT_IMPORT_GRAPHICS/G_DE_RFBW_EKU-1109/G_DE_RFBW_EKU-1109_fol1r_2019_TL-WM-TRN.tif
/home/mkpacc/CURRENT_IMPORT_GRAPHICS/G_DE_RFBW_Kn-A-230-1379/G_DE_RFBW_Kn-A-230-1379_2019_TL-WM-TRN.tif
/home/mkpacc/CURRENT_IMPORT_GRAPHICS/G_DE_KSW_DK36-79/13_Transmitted-light/G_DE_KSW_DK36-79_TL-WM-TRN-002.tif
/home/mkpacc/CURRENT_IMPORT_GRAPHICS/G_DE_KSW_DK36-79/13_Transmitted-light/G_DE_KSW_DK36-79_TL-WM-TRN-001.tif
/home/mkpacc/CURRENT_IMPORT_GRAPHICS/G_DE_KSW_DK36-79/13_Transmitted-light/G_DE_KSW_DK36-79_TL-WM-TRN-INV.tif
/home/mkpacc/CURRENT_IMPORT_GRAPHICS/G_DE_GNMN_H4885/13_Transmitted-light/G_DE_GNMN_H4885_2019_TL-WM-TRN.tif
/home/mkpacc/CURRENT_IMPORT_GRAPHICS/G_UK_BML_1870-0625-561/13_Transmitted-light/G_UK_BML_1870-0625-561_2020_TL-WM.tif
/home/mkpacc/CURRENT_IMPORT_GRAPHICS/G_DE_SBB_PortrSlg-SlgLutherAII3/G_DE_SBB_PortrSlg-SlgLutherAII3_2019_TL-WM.tif
/home/mkpacc/CURRENT_IMPORT_GRAPHICS/G_DE_SBB_PortrSlg-SlgLutherAII3/G_DE_SBB_PortrSlg-SlgLutherAII3_2019_TH-WM.tif
/home/mkpacc/CURRENT_IMPORT_GRAPHICS/G_DE_HABW_96-20Theol2/01_Overall/G_DE_HABW_96-20Theol2_Overall-001.tif
/home/mkpacc/CURRENT_IMPORT_GRAPHICS/G_DE_HABW_96-20Theol2/01_Overall/G_DE_HABW_96-20Theol2_Overall.tif
/home/mkpacc/CURRENT_IMPORT_GRAPHICS/G_DE_MKKM_C-601123PAD/13_Transmitted-light/G_DE_MKKM_C-601123PAD_2020_TL-WM.tif
/home/mkpacc/CURRENT_IMPORT_GRAPHICS/G_DE_MKKM_C-601123PAD/13_Transmitted-light/G_DE_MKKM_C-601123PAD_TL-WM-TRN.tif
/home/mkpacc/CURRENT_IMPORT_GRAPHICS/G_DE_MKKM_C-601123PAD/06_Detail/G_DE_MKKM_C-601123PAD_2020_Detail-006.tif
/home/mkpacc/CURRENT_IMPORT_GRAPHICS/G_DE_MKKM_C-601123PAD/06_Detail/G_DE_MKKM_C-601123PAD_2020_Detail-001.tif
/home/mkpacc/CURRENT_IMPORT_GRAPHICS/G_DE_MKKM_C-601123PAD/06_Detail/G_DE_MKKM_C-601123PAD_2020_Detail-007.tif
/home/mkpacc/CURRENT_IMPORT_GRAPHICS/G_DE_MKKM_C-601123PAD/06_Detail/G_DE_MKKM_C-601123PAD_2020_Detail-010.tif
/home/mkpacc/CURRENT_IMPORT_GRAPHICS/G_DE_MKKM_C-601123PAD/06_Detail/G_DE_MKKM_C-601123PAD_2020_Detail-005.tif
/home/mkpacc/CURRENT_IMPORT_GRAPHICS/G_DE_MKKM_C-601123PAD/06_Detail/G_DE_MKKM_C-601123PAD_2020_Detail-012.tif
/home/mkpacc/CURRENT_IMPORT_GRAPHICS/G_DE_MKKM_C-601123PAD/06_Detail/G_DE_MKKM_C-601123PAD_2020_Detail-016.tif
/home/mkpacc/CURRENT_IMPORT_GRAPHICS/G_DE_MKKM_C-601123PAD/06_Detail/G_DE_MKKM_C-601123PAD_2020_Detail-018.tif
/home/mkpacc/CURRENT_IMPORT_GRAPHICS/G_DE_MKKM_C-601123PAD/06_Detail/G_DE_MKKM_C-601123PAD_2020_Detail-026.tif
/home/mkpacc/CURRENT_IMPORT_GRAPHICS/G_DE_MKKM_C-601123PAD/06_Detail/G_DE_MKKM_C-601123PAD_2020_Detail-009.tif
/home/mkpacc/CURRENT_IMPORT_GRAPHICS/G_DE_MKKM_C-601123PAD/06_Detail/G_DE_MKKM_C-601123PAD_2020_Detail-020.tif
/home/mkpacc/CURRENT_IMPORT_GRAPHICS/G_DE_MKKM_C-601123PAD/06_Detail/G_DE_MKKM_C-601123PAD_2020_Detail-014.tif
/home/mkpacc/CURRENT_IMPORT_GRAPHICS/G_DE_MKKM_C-601123PAD/06_Detail/G_DE_MKKM_C-601123PAD_2020_Detail-021.tif
/home/mkpacc/CURRENT_IMPORT_GRAPHICS/G_DE_MKKM_C-601123PAD/06_Detail/G_DE_MKKM_C-601123PAD_2020_Detail-023.tif
/home/mkpacc/CURRENT_IMPORT_GRAPHICS/G_DE_MKKM_C-601123PAD/06_Detail/G_DE_MKKM_C-601123PAD_2020_Detail-013.tif
/home/mkpacc/CURRENT_IMPORT_GRAPHICS/G_DE_MKKM_C-601123PAD/06_Detail/G_DE_MKKM_C-601123PAD_2020_Detail-011.tif
/home/mkpacc/CURRENT_IMPORT_GRAPHICS/G_DE_MKKM_C-601123PAD/06_Detail/G_DE_MKKM_C-601123PAD_2020_Detail-003.tif
/home/mkpacc/CURRENT_IMPORT_GRAPHICS/G_DE_MKKM_C-601123PAD/06_Detail/G_DE_MKKM_C-601123PAD_2020_Detail-025.tif
/home/mkpacc/CURRENT_IMPORT_GRAPHICS/G_DE_MKKM_C-601123PAD/06_Detail/G_DE_MKKM_C-601123PAD_2020_Detail-015.tif
/home/mkpacc/CURRENT_IMPORT_GRAPHICS/G_DE_MKKM_C-601123PAD/06_Detail/G_DE_MKKM_C-601123PAD_2020_Detail-019.tif
/home/mkpacc/CURRENT_IMPORT_GRAPHICS/G_DE_MKKM_C-601123PAD/06_Detail/G_DE_MKKM_C-601123PAD_2020_Detail-004.tif
/home/mkpacc/CURRENT_IMPORT_GRAPHICS/G_DE_MKKM_C-601123PAD/06_Detail/G_DE_MKKM_C-601123PAD_2020_Detail-017.tif
/home/mkpacc/CURRENT_IMPORT_GRAPHICS/G_DE_MKKM_C-601123PAD/06_Detail/G_DE_MKKM_C-601123PAD_2020_Detail-008.tif
/home/mkpacc/CURRENT_IMPORT_GRAPHICS/G_DE_MKKM_C-601123PAD/06_Detail/G_DE_MKKM_C-601123PAD_2020_Detail-024.tif
/home/mkpacc/CURRENT_IMPORT_GRAPHICS/G_DE_MKKM_C-601123PAD/06_Detail/G_DE_MKKM_C-601123PAD_2020_Detail-027.tif
/home/mkpacc/CURRENT_IMPORT_GRAPHICS/G_DE_MKKM_C-601123PAD/06_Detail/G_DE_MKKM_C-601123PAD_2020_Detail-022.tif
/home/mkpacc/CURRENT_IMPORT_GRAPHICS/G_DE_MKKM_C-601123PAD/06_Detail/G_DE_MKKM_C-601123PAD_2020_Detail-002.tif
/home/mkpacc/CURRENT_IMPORT_GRAPHICS/G_DE_UBA_Graph41-276a/13_Transmitted-light/G_DE_UBA_Graph41-276a_2020_TL-WM-TRN.tif
/home/mkpacc/CURRENT_IMPORT_GRAPHICS/G_US_MMANY_51-501-404/01_Overall/G_US_MMANY_51-501-404_Overall-001.tif
/home/mkpacc/CURRENT_IMPORT_GRAPHICS/G_US_MMANY_51-501-404/01_Overall/G_US_MMANY_51-501-404_Overall.tif
/home/mkpacc/CURRENT_IMPORT_GRAPHICS/G_US_MMANY_51-501-404/02_Reverse/G_US_MMANY_51-501-404_Reverse.tif
/home/mkpacc/CURRENT_IMPORT_GRAPHICS/G_US_MMANY_51-501-404/09_Other/G_US_MMANY_51-501-404_Raking-light.tif
/home/mkpacc/CURRENT_IMPORT_GRAPHICS/G_US_MMANY_51-501-404/13_Transmitted-light/G_US_MMANY_51-501-404_TL.tif
/home/mkpacc/CURRENT_IMPORT_GRAPHICS/G_DE_SGSM_165894/13_Transmitted-light/G_DE_SGSM_165894_TL-WM-TRN.tif
/home/mkpacc/CURRENT_IMPORT_GRAPHICS/G_DE_LHW_MR-17-SS-3536/13_Transmitted-light/G_DE_LHW_MR-17-SS-3536_fol1v_2019_TL-WM-TRN.tif
/home/mkpacc/CURRENT_IMPORT_GRAPHICS/G_DE_SGS_A2979/G_DE_SGS_A2979_2020_TL-WM.tif
/home/mkpacc/CURRENT_IMPORT_GRAPHICS/G_DE_SGS_A2979/G_DE_SGS_A2979_2020_TL-WM-INV.tif
/home/mkpacc/CURRENT_IMPORT_GRAPHICS/G_DE_KSW_Gr-2008-4822/13_Transmitted-light/G_DE_KSW_Gr-2008-4822_2019_TL-WM.tif
/home/mkpacc/CURRENT_IMPORT_GRAPHICS/G_DE_KSW_Gr-2008-4822/13_Transmitted-light/G_DE_KSW_Gr-2008-4822_2019_TL-WM-INV.tif
/home/mkpacc/CURRENT_IMPORT_GRAPHICS/G_DE_SMBKSK_759-2/13_Transmitted-light/G_DE_SMBKSK_759-2_2019_TL-WM-TRN.tif
/home/mkpacc/CURRENT_IMPORT_GRAPHICS/G_US_TCRAM_85-17/13_Transmitted-light/G_US_TCRAM_85-17_2021_TL-WM.tif
/home/mkpacc/CURRENT_IMPORT_GRAPHICS/G_US_TCRAM_85-17/13_Transmitted-light/G_US_TCRAM_85-17_2021_TL-WM-INV.tif
/home/mkpacc/CURRENT_IMPORT_GRAPHICS/G_DE_SBB_PortrSlg-SlgLutherAII2-1/G_DE_SBB_PortrSlg-SlgLutherAII2-1_2019_TH-WM-TRN.tif
/home/mkpacc/CURRENT_IMPORT_GRAPHICS/G_DE_SBB_PortrSlg-SlgLutherAII2-1/G_DE_SBB_PortrSlg-SlgLutherAII2-1_2019_TLWM-TRN.tif
/home/mkpacc/CURRENT_IMPORT_GRAPHICS/G_DE_HABW_71-4Theol/01_Overall/G_DE_HABW_71-4Theol_Overall.tif
/home/mkpacc/CURRENT_IMPORT_GRAPHICS/G_DE_HABW_71-4Theol/01_Overall/G_DE_HABW_71-4Theol_Overall-001.tif
/home/mkpacc/CURRENT_IMPORT_GRAPHICS/G_UK_BML_R-7-169/13_Transmitted-light/G_UK_BML_R-7-169_2020_TL-WM-TRN-INV.tif
/home/mkpacc/CURRENT_IMPORT_GRAPHICS/G_UK_BML_R-7-162/13_Transmitted-light/G_UK_BML_R-7-169_2020_TL-WM-TRN.tif
/home/mkpacc/CURRENT_IMPORT_GRAPHICS/G_UK_BML_R-7-162/13_Transmitted-light/G_UK_BML_R-7-162_2020_TL-WM-TRN.tif
/home/mkpacc/CURRENT_IMPORT_GRAPHICS/G_UK_BML_1871-0429-51/13_Transmitted-light/G_UK_BML_1871-0429-51_2020_TL-WM-TRN-MIR.tif
/home/mkpacc/CURRENT_IMPORT_GRAPHICS/G_US_TCRAM_01-02_2021/13_Transmitted-light/G_US_TCRAM_01-02_2021_TL-WM-INV.tif
/home/mkpacc/CURRENT_IMPORT_GRAPHICS/G_US_TCRAM_01-02_2021/13_Transmitted-light/G_US_TCRAM_01-02_2021_TL-WM.tif
/home/mkpacc/CURRENT_IMPORT_GRAPHICS/G_AT_ONBW_35-R-155_fin-r/13_Transmitted-light/G_AT_ONBW_35-R-155_fin-r_2019_WM-TL.tif
/home/mkpacc/CURRENT_IMPORT_GRAPHICS/G_AT_ONBW_35-R-155_fin-r/13_Transmitted-light/G_AT_ONBW_35-R-155_fin-r_2019_TL-WM.tif
/home/mkpacc/CURRENT_IMPORT_GRAPHICS/G_US_YUAG_1937-276/01_Overall/G_US_YUAG_1937-276_Overall.tif
/home/mkpacc/CURRENT_IMPORT_GRAPHICS/G_US_YUAG_1937-276/01_Overall/G_US_YUAG_1937-276_Overall-001.tif
/home/mkpacc/CURRENT_IMPORT_GRAPHICS/G_DE_GNMN_Mp14661/13_Transmitted-light/G_DE_GNMN_Mp14661_2019_TL-WM-TRN.tif
/home/mkpacc/CURRENT_IMPORT_GRAPHICS/G_DE_SMG_38-2/13_Transmitted-light/G_DE_SMG_38-2_2019_TL-WM-TRN.tif
/home/mkpacc/CURRENT_IMPORT_GRAPHICS/G_DE_SMG_38-2/06_Detail/G_DE_SMG_38-2_Detail-002.tif
/home/mkpacc/CURRENT_IMPORT_GRAPHICS/G_DE_SMG_38-2/06_Detail/G_DE_SMG_38-2_Detail-001.tif
/home/mkpacc/CURRENT_IMPORT_GRAPHICS/G_FR_CEDS_77-005-0-79/13_Transmitted-light/G_FR_CEDS_77-005-0-79_2020_TL-WM-INV.tif
/home/mkpacc/CURRENT_IMPORT_GRAPHICS/G_FR_CEDS_77-005-0-79/13_Transmitted-light/G_FR_CEDS_77-005-0-79_2020_TL-WM.tif
/home/mkpacc/CURRENT_IMPORT_GRAPHICS/G_DE_HABW_PortrII-3313/13_Transmitted-light/G_DE_HABW_PortrII-3313_2019_TL-WM-TRN.tif
/home/mkpacc/CURRENT_IMPORT_GRAPHICS/G_AT_A_DG1929-243/13_Transmitted-light/G_AT_A_DG1929-243_2019_TL-WM.tif
/home/mkpacc/CURRENT_IMPORT_GRAPHICS/G_AT_A_DG1929-243/13_Transmitted-light/G_AT_A_DG1929-243_2019_TL-WM-INV.tif
/home/mkpacc/CURRENT_IMPORT_GRAPHICS/G_DE_SMBKSK_858-2/13_Transmitted-light/G_DE_SMBKSK_858-2_TL-WM-TRN.tif
/home/mkpacc/CURRENT_IMPORT_GRAPHICS/G_DE_SMBKSK_858-2/13_Transmitted-light/G_DE_SMBKSK_858-2_2019_TL-WM.tif
/home/mkpacc/CURRENT_IMPORT_GRAPHICS/G_US_TCRAM_97-01/13_Transmitted-light/G_US_TCRAM_97-01_2021_TL-WM.tif
/home/mkpacc/CURRENT_IMPORT_GRAPHICS/G_US_TCRAM_97-01/13_Transmitted-light/G_US_TCRAM_97-01_2021_TL-WM-INV.tif
/home/mkpacc/CURRENT_IMPORT_GRAPHICS/G_DE_SGS_A4496/G_DE_SGS_A4496_2020_TL-WM-TRN.tif
/home/mkpacc/CURRENT_IMPORT_GRAPHICS/G_DE_MKKM_C-601121PAD/13_Transmitted-light/G_DE_MKKM_C-601121PAD_2020_TL-WM.tif
/home/mkpacc/CURRENT_IMPORT_GRAPHICS/G_DE_MKKM_C-601121PAD/13_Transmitted-light/G_DE_MKKM_C-601121PAD_2020_TL-WM-INV.tif
/home/mkpacc/CURRENT_IMPORT_GRAPHICS/G_FR_BNUS_R104-251_fin-r/13_Transmitted-light/G_FR_BNUS_R104-251_fin-r_2020_TL-WM-TRN-MIR.tif
/home/mkpacc/CURRENT_IMPORT_GRAPHICS/G_DE_KSW_KK101/13_Transmitted-light/G_DE_KSW_KK101_2019_TL-WM.tif
/home/mkpacc/CURRENT_IMPORT_GRAPHICS/G_DE_LHW_fl-IIa-GR202/13_Transmitted-light/G_DE_LHW_fl-IIa-GR202_2019_TL-WM-TRN.tif
/home/mkpacc/CURRENT_IMPORT_GRAPHICS/G_DE_SBB_PortrSlg-SlgLutherAII22/G_DE_SBB_PortrSlg-SlgLutherAII22_2019_TH-WM.tif
/home/mkpacc/CURRENT_IMPORT_GRAPHICS/G_DE_SBB_PortrSlg-SlgLutherAII22/G_DE_SBB_PortrSlg-SlgLutherAII22_2019_TH-WM-INV.tif
/home/mkpacc/CURRENT_IMPORT_GRAPHICS/G_DE_HABW_H61-4Helmst3/13_Transmitted-light/G_DE_HABW_H61-4Helmst3_2019_TL-WM-TRN.tif
/home/mkpacc/CURRENT_IMPORT_GRAPHICS/G_DE_KSW_Gr-2008-4627/13_Transmitted-light/G_DE_KSW_Gr-2008-4627_2019_TL-WM-TRN.tif
/home/mkpacc/CURRENT_IMPORT_GRAPHICS/G_DE_HABW_CodGuelfExtrav226-1-fol101a/13_Transmitted-light/G_DE_HABW_CodGuelfExtrav226-1-fol101a_2019_TL-WM-TRN.tif
/home/mkpacc/CURRENT_IMPORT_GRAPHICS/G_DE_HABW_97-6Theol17/13_Transmitted-light/G_DE_HABW_97-6Theol17_2019_TL-WM-TRN.tif
/home/mkpacc/CURRENT_IMPORT_GRAPHICS/G_DE_HABW_MLi5330SlgHardt9-144_/13_Transmitted-light/G_DE_HABW_MLi5330SlgHardt9-144_2019_TL-WM-TRN.tif
/home/mkpacc/CURRENT_IMPORT_GRAPHICS/G_DE_SMG_45-40/13_Transmitted-light/G_DE_SMG_45-40_TL-WM-TRN.tif
/home/mkpacc/CURRENT_IMPORT_GRAPHICS/G_DE_SMG_45-40/06_Detail/G_DE_SMG_45-40_Detail-003.tif
/home/mkpacc/CURRENT_IMPORT_GRAPHICS/G_DE_SMG_45-40/06_Detail/G_DE_SMG_45-40 _Detail-001.tif
/home/mkpacc/CURRENT_IMPORT_GRAPHICS/G_DE_SMG_45-40/06_Detail/G_DE_SMG_45-40 _Detail-002.tif
/home/mkpacc/CURRENT_IMPORT_GRAPHICS/G_DE_KSW_DK37-81/13_Transmitted-light/G_DE_KSW_DK37-81_TL-WM-TRN-INV.tif
/home/mkpacc/CURRENT_IMPORT_GRAPHICS/G_DE_KSW_DK37-81/13_Transmitted-light/G_DE_KSW_DK37-81_TL-WM-TRN.tif
/home/mkpacc/CURRENT_IMPORT_GRAPHICS/G_DE_SMBKSK_311-6/13_Transmitted-light/G_DE_SMBKSK_311-6_2019_TL-WM-TRN.tif
/home/mkpacc/CURRENT_IMPORT_GRAPHICS/G_DE_KSW_Aut-Luther-1520-63/13_Transmitted-light/G_DE_KSW_Aut-Luther-1520-63_2019_TL-WM-TRN.tif
/home/mkpacc/CURRENT_IMPORT_GRAPHICS/G_DE_SMBKSK_Derschau-321/G_DE_SMBKSK_Derschau-321_Detail-006.tif
/home/mkpacc/CURRENT_IMPORT_GRAPHICS/G_DE_SMBKSK_Derschau-321/G_DE_SMBKSK_Derschau-321_Detail-010.tif
/home/mkpacc/CURRENT_IMPORT_GRAPHICS/G_DE_SMBKSK_Derschau-321/G_DE_SMBKSK_Derschau-321_Detail-004.tif
/home/mkpacc/CURRENT_IMPORT_GRAPHICS/G_DE_SMBKSK_Derschau-321/G_DE_SMBKSK_Derschau-321_Detail-002.tif
/home/mkpacc/CURRENT_IMPORT_GRAPHICS/G_DE_SMBKSK_Derschau-321/G_DE_SMBKSK_Derschau-321_Detail-003.tif
/home/mkpacc/CURRENT_IMPORT_GRAPHICS/G_DE_SMBKSK_Derschau-321/G_DE_SMBKSK_Derschau-321_Detail-005.tif
/home/mkpacc/CURRENT_IMPORT_GRAPHICS/G_DE_SMBKSK_Derschau-321/G_DE_SMBKSK_Derschau-321_Detail-008.tif
/home/mkpacc/CURRENT_IMPORT_GRAPHICS/G_DE_SMBKSK_Derschau-321/G_DE_SMBKSK_Derschau-321_Detail-009.tif
/home/mkpacc/CURRENT_IMPORT_GRAPHICS/G_DE_SMBKSK_Derschau-321/G_DE_SMBKSK_Derschau-321_Detail-001.tif
/home/mkpacc/CURRENT_IMPORT_GRAPHICS/G_DE_SMBKSK_Derschau-321/G_DE_SMBKSK_Derschau-321_Detail-007.tif
/home/mkpacc/CURRENT_IMPORT_GRAPHICS/G_US_MMANY_30-12-4/01_Overall/G_US_MMANY_30-12-4_Overall.tif
/home/mkpacc/CURRENT_IMPORT_GRAPHICS/G_US_MMANY_30-12-4/01_Overall/G_US_MMANY_30-12-4_Overall-001.tif
/home/mkpacc/CURRENT_IMPORT_GRAPHICS/G_US_MMANY_30-12-4/02_Reverse/G_US_MMANY_30-12-4_Reverse.tif
/home/mkpacc/CURRENT_IMPORT_GRAPHICS/G_US_MMANY_30-12-4/09_Other/G_US_MMANY_30-12-4_Raking-light.tif
/home/mkpacc/CURRENT_IMPORT_GRAPHICS/G_US_MMANY_30-12-4/13_Transmitted-light/G_US_MMANY_30-12-4_TL.tif
/home/mkpacc/CURRENT_IMPORT_GRAPHICS/G_DE_LHW_4-II-fl-II-224/13_Transmitted-light/G_DE_LHW_4-II-fl-II-224_2019_TL-WM-TRN.tif
/home/mkpacc/CURRENT_IMPORT_GRAPHICS/G_DE_GNMN_K868/13_Transmitted-light/G_DE_GNMN_K868_TL-WM-TRN.tif
/home/mkpacc/CURRENT_IMPORT_GRAPHICS/G_DE_GNMN_K868/13_Transmitted-light/G_DE_GNMN_K868_TL-WM-TRN-INV.tif
/home/mkpacc/CURRENT_IMPORT_GRAPHICS/G_DE_KSW_Gr-2008-4835a/13_Transmitted-light/G_DE_KSW_Gr-2008-4835a_2019_TL-WM-MIR.tif
/home/mkpacc/CURRENT_IMPORT_GRAPHICS/G_DE_KSW_Gr-2008-4851/13_Transmitted-light/G_DE_KSW_Gr-2008-4851_2019_TL-WM-TRN.tif
/home/mkpacc/CURRENT_IMPORT_GRAPHICS/G_DE_SLUB_Mscr-Dresd-R96-239/13_Transmitted-light/G_DE_SLUB_Mscr-Dresd-R96-239_2019_TH-WM.tif
/home/mkpacc/CURRENT_IMPORT_GRAPHICS/G_DE_SBB_SlgLuther_AII3/G_DE_SBB_SlgLuther_AII3_TL-WM-TRN.tif
/home/mkpacc/CURRENT_IMPORT_GRAPHICS/G_DE_SBB_SlgLuther_AII3/G_DE_SBB_SlgLuther-AII3_TH-WM-TRN.tif
/home/mkpacc/CURRENT_IMPORT_GRAPHICS/G_DE_SMBKSK_894-2/13_Transmitted-light/G_DE_SMBKSK_894-2_2019_TL-WM-TRN.tif
/home/mkpacc/CURRENT_IMPORT_GRAPHICS/G_DE_HABW_99-4Theol8_fol2v/13_Transmitted-light/G_DE_HABW_99-4Theol8_fol2v_2019_TL-WM-TRN.tif
/home/mkpacc/CURRENT_IMPORT_GRAPHICS/G_DE_KSW_DK181-83/13_Transmitted-light/G_DE_KSW_DK181-83_2019_TL-WM-TRN-INV.tif
/home/mkpacc/CURRENT_IMPORT_GRAPHICS/G_DE_KSW_DK181-83/13_Transmitted-light/G_DE_KSW_DK181-83_2019_TL-WM-TRN.tif
/home/mkpacc/CURRENT_IMPORT_GRAPHICS/G_DE_SBB_Cm7506aRAR/G_DE_SBB_Cm7506aRAR_TL-WM-TRN.tif
/home/mkpacc/CURRENT_IMPORT_GRAPHICS/G_DE_HABW_108-5Quod4-1/13_Transmitted-light/G_DE_HABW_108-5Quod4-1_2019_TL-WM-TRN.tif
/home/mkpacc/CURRENT_IMPORT_GRAPHICS/G_UK_BML_O-3-190/13_Transmitted-light/G_UK_BML_O-3-190_2020_TL-WM-TRN.tif
/home/mkpacc/CURRENT_IMPORT_GRAPHICS/G_UK_BML_O-3-190/13_Transmitted-light/G_UK_BML_O-3-190_2020_TL-WM-TRN-INV.tif
/home/mkpacc/CURRENT_IMPORT_GRAPHICS/G_AT_ONBW_35-R-26/13_Transmitted-light/G_AT_ONBW_35-R-26_fol1r_TL-WM-TRN.tif
/home/mkpacc/CURRENT_IMPORT_GRAPHICS/G_DE_LHW_4-III-223/13_Transmitted-light/G_DE_LHW_4-III-223_2019_TL-WM-TRN.tif
/home/mkpacc/CURRENT_IMPORT_GRAPHICS/G_DE_SLUB_Hist-eccl-E-319-22/13_Transmitted-light/G_DE_SLUB_Hist-eccl-E-319-22_2019_TL-WM-TRN.tif
/home/mkpacc/CURRENT_IMPORT_GRAPHICS/G_DE_HABW_104-4Theol17/13_Transmitted-light/G_DE_HABW_104-4Theol17_2019_TL-WM-TRN.tif
/home/mkpacc/CURRENT_IMPORT_GRAPHICS/G_US_YUAG_1956-9-17/01_Overall/G_US_YUAG_1956-9-17_Overall.tif
/home/mkpacc/CURRENT_IMPORT_GRAPHICS/G_US_YUAG_1956-9-17/01_Overall/G_US_YUAG_1956-9-17_Overall-001.tif
/home/mkpacc/CURRENT_IMPORT_GRAPHICS/G_DE_HABW_H60-4Helmst1_fin-v/13_Transmitted-light/G_DE_HABW_H60-4Helmst1_fin-v_2019_TL-WM-TRN.tif
/home/mkpacc/CURRENT_IMPORT_GRAPHICS/G_UK_BML_1895-0122-279/13_Transmitted-light/G_UK_BML_1895-0122-279_2020_TL-WM-TRN-INV.tif
/home/mkpacc/CURRENT_IMPORT_GRAPHICS/G_UK_BML_1895-0122-279/13_Transmitted-light/G_UK_BML_1895-0122-279_2020_TL-WM-TRN.tif
/home/mkpacc/CURRENT_IMPORT_GRAPHICS/G_DE_SBB_Hymn3010a/G_DE_SBB_Hymn3010a_fin-v_2019_TL-WM-TRN.tif
/home/mkpacc/CURRENT_IMPORT_GRAPHICS/G_DE_SBB_Hymn3010a/G_DE_SBB_Hymn3010a_fol1r_2019_TL-WM-TRN.tif
/home/mkpacc/CURRENT_IMPORT_GRAPHICS/G_DE_KSW_DK457-89/13_Transmitted-light/G_DE_KSW_DK457-89_2019_TL-WM-TRN.tif
/home/mkpacc/CURRENT_IMPORT_GRAPHICS/G_DE_HAUMB_LCranachdAe-AB3-74/01_Overall/G_DE_HAUMB_LCranachdAe-AB3-74_Overall.tif
/home/mkpacc/CURRENT_IMPORT_GRAPHICS/G_DE_HAUMB_LCranachdAe-AB3-74/01_Overall/G_DE_HAUMB_LCranachdAe-AB3-74_Overall-001.tif
/home/mkpacc/CURRENT_IMPORT_GRAPHICS/G_DE_HAUMB_LCranachdAe-AB3-74/02_Reverse/G_DE_HAUMB_LCranachdAe-AB3-74_Reverse.tif
/home/mkpacc/CURRENT_IMPORT_GRAPHICS/G_DE_HAUMB_LCranachdAe-AB3-74/13_Transmitted-light/G_DE_HAUMB_LCranachdAe-AB3-74_TL.tif
/home/mkpacc/CURRENT_IMPORT_GRAPHICS/G_DE_HABW_127-6Theol4/01_Overall/G_DE_HABW_127-6Theol4_Overall-001.tif
/home/mkpacc/CURRENT_IMPORT_GRAPHICS/G_DE_HABW_127-6Theol4/01_Overall/G_DE_HABW_127-6Theol4_Overall.tif
/home/mkpacc/CURRENT_IMPORT_GRAPHICS/G_FR_BNUS_R104-252_fol1v/13_Transmitted-light/G_FR_BNUS_R104-252_fol1v_2020_TL-WM-TRN.tif
/home/mkpacc/CURRENT_IMPORT_GRAPHICS/G_DE_KSVC_XIII-2-45/13_Transmitted-light/G_DE_KSVC_XIII-2-45_2019_TL-WM.tif
/home/mkpacc/CURRENT_IMPORT_GRAPHICS/G_DE_SMBKSK_44-1884/13_Transmitted-light/G_DE_SMBKSK_44-1884_TL-WM-INV.tif
/home/mkpacc/CURRENT_IMPORT_GRAPHICS/G_DE_SMBKSK_44-1884/13_Transmitted-light/G_DE_SMBKSK_44-1884_TL-WM.tif
/home/mkpacc/CURRENT_IMPORT_GRAPHICS/G_DE_SBB_PortrSlg-SlgLutherAII29_/G_DE_SBB_PortrSlg-SlgLutherAII29_2019_TL-WM-TRN.tif
/home/mkpacc/CURRENT_IMPORT_GRAPHICS/G_DE_SBB_PortrSlg-SlgLutherAII29_/G_DE_SBB_PortrSlg-SlgLutherAII29_2019_TH-WM-TRN.tif
/home/mkpacc/CURRENT_IMPORT_GRAPHICS/G_US_MMANY_20-64-18/01_Overall/G_US_MMANY_20-64-18_Overall-001.tif
/home/mkpacc/CURRENT_IMPORT_GRAPHICS/G_US_MMANY_20-64-18/01_Overall/G_US_MMANY_20-64-18_Overall.tif
/home/mkpacc/CURRENT_IMPORT_GRAPHICS/G_US_MMANY_20-64-18/02_Reverse/G_US_MMANY_20-64-18_Reverse.tif
/home/mkpacc/CURRENT_IMPORT_GRAPHICS/G_US_MMANY_20-64-18/09_Other/G_US_MMANY_20-64-18_Raking-light.tif
/home/mkpacc/CURRENT_IMPORT_GRAPHICS/G_US_MMANY_20-64-18/13_Transmitted-light/G_US_MMANY_20-64-18_Overall-001_TL.tif
/home/mkpacc/CURRENT_IMPORT_GRAPHICS/G_DE_SLUB_Hist-eccl-E-280-18/13_Transmitted-light/G_DE_SLUB_Hist-eccl-E-280-18_2019_TL-WM-TRN.tif
/home/mkpacc/CURRENT_IMPORT_GRAPHICS/G_DE_SKD_A6645/13_Transmitted-light/G_DE_SKD_A6645_TL-WM-TRN.tif
/home/mkpacc/CURRENT_IMPORT_GRAPHICS/G_DE_SKD_A6645/13_Transmitted-light/G_DE_SKD_A6645_TL-WM-TRN-INV.tif
/home/mkpacc/CURRENT_IMPORT_GRAPHICS/G_DE_RFBW_SS-1200/G_DE_RFBW_SS-1200_2019_TL-WM-TRN.tif
/home/mkpacc/CURRENT_IMPORT_GRAPHICS/G_US_MMANY_20-64-21/01_Overall/G_US_MMANY_20-64-21_Overall.tif
/home/mkpacc/CURRENT_IMPORT_GRAPHICS/G_US_MMANY_20-64-21/01_Overall/G_US_MMANY_20-64-21_Overall-001.tif
/home/mkpacc/CURRENT_IMPORT_GRAPHICS/G_US_MMANY_20-64-21/02_Reverse/G_US_MMANY_20-64-21_Reverse.tif
/home/mkpacc/CURRENT_IMPORT_GRAPHICS/G_US_MMANY_20-64-21/09_Other/G_US_MMANY_20-64-21_Raking-light.tif
/home/mkpacc/CURRENT_IMPORT_GRAPHICS/G_US_MMANY_20-64-21/13_Transmitted-light/G_US_MMANY_20-64-21_TL.tif
/home/mkpacc/CURRENT_IMPORT_GRAPHICS/G_US_MMANY_20-65-6/01_Overall/G_US_MMANY_20-65-6_Overall-001.tif
/home/mkpacc/CURRENT_IMPORT_GRAPHICS/G_US_MMANY_20-65-6/01_Overall/G_US_MMANY_20-65-6_Overall.tif
/home/mkpacc/CURRENT_IMPORT_GRAPHICS/G_US_MMANY_20-65-6/02_Reverse/G_US_MMANY_20-65-6_Reverse.tif
/home/mkpacc/CURRENT_IMPORT_GRAPHICS/G_US_MMANY_20-65-6/09_Other/G_US_MMANY_20-65-6_Raking-light.tif
/home/mkpacc/CURRENT_IMPORT_GRAPHICS/G_US_MMANY_20-65-6/13_Transmitted-light/G_US_MMANY_20-65-6_TL.tif
