/home/mkpacc/CURRENT_IMPORT/neu-gerechnet/PRIVATE_NONE-P407_FR-none/12_KOE/01_Overall/PRIVATE_NONE-P407_FR-none_1974_KOE_Overall-001r-origin.jpg
/home/mkpacc/CURRENT_IMPORT/neu-gerechnet/PRIVATE_NONE-P407_FR-none/12_KOE/01_Overall/PRIVATE_NONE-P407_FR-none_1974_KOE_Overall-001v-origin.jpg
/home/mkpacc/CURRENT_IMPORT/neu-gerechnet/PRIVATE_NONE-P407_FR-none/01_Overall/PRIVATE_NONE-P407_FR-none_1974_Overall-origin.jpg
/home/mkpacc/CURRENT_IMPORT/neu-gerechnet/PRIVATE_NONE-P406_FR-none/12_KOE/01_Overall/PRIVATE_NONE-P406_FR-none_1978_KOE_Overall-001v-origin.jpg
/home/mkpacc/CURRENT_IMPORT/neu-gerechnet/PRIVATE_NONE-P406_FR-none/12_KOE/01_Overall/PRIVATE_NONE-P406_FR-none_1978_KOE_Overall-001r-origin.jpg
/home/mkpacc/CURRENT_IMPORT/neu-gerechnet/PRIVATE_NONE-P406_FR-none/01_Overall/PRIVATE_NONE-P406_FR-none_1978_Overall-origin.jpg
/home/mkpacc/CURRENT_IMPORT/neu-gerechnet/DE_BRD-KSVC_M337_FR050A/11_RKD/01_Overall/DE_BRD-KSVC_M337_FR050A_RKD_Overall-001v-origin.jpg
/home/mkpacc/CURRENT_IMPORT/neu-gerechnet/DE_BRD-KSVC_M337_FR050A/11_RKD/01_Overall/DE_BRD-KSVC_M337_FR050A_RKD_Overall-001r-origin.jpg
/home/mkpacc/CURRENT_IMPORT/neu-gerechnet/DE_BRD-KSVC_M337_FR050A/11_RKD/01_Overall/DE_BRD-KSVC_M337_FR050A_RKD_Overall-002r-origin.jpg
/home/mkpacc/CURRENT_IMPORT/neu-gerechnet/DE_BRD-KSVC_M337_FR050A/11_RKD/01_Overall/DE_BRD-KSVC_M337_FR050A_RKD_Overall-002v-origin.jpg
/home/mkpacc/CURRENT_IMPORT/neu-gerechnet/DE_BRD-KSVC_M337_FR050A/03_IRR/DE_BRD-KSVC_M337_FR050A_2010-09_IRR-origin.jpg
/home/mkpacc/CURRENT_IMPORT/neu-gerechnet/DE_BRD-KSVC_M337_FR050A/01_Overall/DE_BRD-KSVC_M337_FR050A_2010-09_Overall-origin.jpg
/home/mkpacc/CURRENT_IMPORT/neu-gerechnet/DE_BRD-KSVC_M337_FR050A/01_Overall/DE_BRD-KSVC_M337_FR050A_Overall-002-origin.jpg
/home/mkpacc/CURRENT_IMPORT/neu-gerechnet/DE_BRD-KSVC_M337_FR050A/01_Overall/DE_BRD-KSVC_M337_FR050A_2010-09_Overall-001-origin.jpg
/home/mkpacc/CURRENT_IMPORT/neu-gerechnet/DE_BRD-KSVC_M337_FR050A/06_Detail/DE_BRD-KSVC_M337_FR050A_2010-09_Detail-011-origin.jpg
/home/mkpacc/CURRENT_IMPORT/neu-gerechnet/DE_BRD-KSVC_M337_FR050A/06_Detail/DE_BRD-KSVC_M337_FR050A_2010-09_Detail-002-origin.jpg
/home/mkpacc/CURRENT_IMPORT/neu-gerechnet/DE_BRD-KSVC_M337_FR050A/06_Detail/DE_BRD-KSVC_M337_FR050A_2010-09_Detail-004-origin.jpg
/home/mkpacc/CURRENT_IMPORT/neu-gerechnet/DE_BRD-KSVC_M337_FR050A/06_Detail/DE_BRD-KSVC_M337_FR050A_2010-09_Detail-008-origin.jpg
/home/mkpacc/CURRENT_IMPORT/neu-gerechnet/DE_BRD-KSVC_M337_FR050A/06_Detail/DE_BRD-KSVC_M337_FR050A_2010-09_Detail-010-origin.jpg
/home/mkpacc/CURRENT_IMPORT/neu-gerechnet/DE_BRD-KSVC_M337_FR050A/06_Detail/DE_BRD-KSVC_M337_FR050A_2010-09_Detail-006-origin.jpg
/home/mkpacc/CURRENT_IMPORT/neu-gerechnet/DE_BRD-KSVC_M337_FR050A/06_Detail/DE_BRD-KSVC_M337_FR050A_2010-09_Detail-005-origin.jpg
/home/mkpacc/CURRENT_IMPORT/neu-gerechnet/DE_BRD-KSVC_M337_FR050A/06_Detail/DE_BRD-KSVC_M337_FR050A_2010-09_Detail-013-origin.jpg
/home/mkpacc/CURRENT_IMPORT/neu-gerechnet/DE_BRD-KSVC_M337_FR050A/06_Detail/DE_BRD-KSVC_M337_FR050A_2010-09_Detail-001-origin.jpg
/home/mkpacc/CURRENT_IMPORT/neu-gerechnet/DE_BRD-KSVC_M337_FR050A/06_Detail/DE_BRD-KSVC_M337_FR050A_2010-09_Detail-007-origin.jpg
/home/mkpacc/CURRENT_IMPORT/neu-gerechnet/DE_BRD-KSVC_M337_FR050A/06_Detail/DE_BRD-KSVC_M337_FR050A_2010-09_Detail-009-origin.jpg
/home/mkpacc/CURRENT_IMPORT/neu-gerechnet/DE_BRD-KSVC_M337_FR050A/06_Detail/DE_BRD-KSVC_M337_FR050A_2010-09_Detail-012-origin.jpg
/home/mkpacc/CURRENT_IMPORT/neu-gerechnet/DE_BRD-KSVC_M337_FR050A/06_Detail/DE_BRD-KSVC_M337_FR050A_2010-09_Detail-003-origin.jpg
/home/mkpacc/CURRENT_IMPORT/neu-gerechnet/DE_DHKW-MWMW_Z875_FR-none/05_UV-light/DE_DHKW-MWMW_Z875_FR-none_2018_UV-fluorescence-origin.jpg
/home/mkpacc/CURRENT_IMPORT/neu-gerechnet/DE_DHKW-MWMW_Z875_FR-none/05_UV-light/DE_DHKW-MWMW_Z875_FR-none_2018_UV-fluorescence-Reverse-origin.jpg
/home/mkpacc/CURRENT_IMPORT/neu-gerechnet/DE_DHKW-MWMW_Z875_FR-none/03_IRR/DE_DHKW-MWMW_Z875_FR-none_2019_IRR-origin.jpg
/home/mkpacc/CURRENT_IMPORT/neu-gerechnet/DE_DHKW-MWMW_Z875_FR-none/03_IRR/DE_DHKW-MWMW_Z875_FR-none_2019_IRR-Reverse-origin.jpg
/home/mkpacc/CURRENT_IMPORT/neu-gerechnet/DE_DHKW-MWMW_Z875_FR-none/01_Overall/DE_DHKW-MWMW_Z875_FR-none_2019_Overall-001-origin.jpg
/home/mkpacc/CURRENT_IMPORT/neu-gerechnet/DE_DHKW-MWMW_Z875_FR-none/01_Overall/DE_DHKW-MWMW_Z875_FR-none_2019_Overall-002-origin.jpg
/home/mkpacc/CURRENT_IMPORT/neu-gerechnet/DE_DHKW-MWMW_Z875_FR-none/01_Overall/DE_DHKW-MWMW_Z875_FR-none_2019_Overall-origin.jpg
/home/mkpacc/CURRENT_IMPORT/neu-gerechnet/DE_DHKW-MWMW_Z875_FR-none/02_Reverse/DE_DHKW-MWMW_Z875_FR-none_2019_Reverse-origin.jpg
/home/mkpacc/CURRENT_IMPORT/neu-gerechnet/DE_DHKW-MWMW_Z875_FR-none/06_Detail/DE_DHKW-MWMW_Z875_FR-none_2018_Detail-002-origin.jpg
/home/mkpacc/CURRENT_IMPORT/neu-gerechnet/DE_DHKW-MWMW_Z875_FR-none/06_Detail/DE_DHKW-MWMW_Z875_FR-none_2018_Detail-005-origin.jpg
/home/mkpacc/CURRENT_IMPORT/neu-gerechnet/DE_DHKW-MWMW_Z875_FR-none/06_Detail/DE_DHKW-MWMW_Z875_FR-none_2018_Detail-003-origin.jpg
/home/mkpacc/CURRENT_IMPORT/neu-gerechnet/DE_DHKW-MWMW_Z875_FR-none/06_Detail/DE_DHKW-MWMW_Z875_FR-none_2018_Detail-001-origin.jpg
/home/mkpacc/CURRENT_IMPORT/neu-gerechnet/DE_DHKW-MWMW_Z875_FR-none/06_Detail/DE_DHKW-MWMW_Z875_FR-none_2018_Detail-004-origin.jpg
/home/mkpacc/CURRENT_IMPORT/neu-gerechnet/PRIVATE_NONE-P405_FR-none/11_RKD/01_Overall/PRIVATE_NONE-P405_FR-none_1948_RKD_Overall-001v-origin.jpg
/home/mkpacc/CURRENT_IMPORT/neu-gerechnet/PRIVATE_NONE-P405_FR-none/11_RKD/01_Overall/PRIVATE_NONE-P405_FR-none_1948_RKD_Overall-001r-origin.jpg
/home/mkpacc/CURRENT_IMPORT/neu-gerechnet/PRIVATE_NONE-P405_FR-none/12_KOE/01_Overall/PRIVATE_NONE-P405_FR-none_1978_KOE_Overall-001r-origin.jpg
/home/mkpacc/CURRENT_IMPORT/neu-gerechnet/PRIVATE_NONE-P405_FR-none/12_KOE/01_Overall/PRIVATE_NONE-P405_FR-none_1978_KOE_Overall-001v-origin.jpg
/home/mkpacc/CURRENT_IMPORT/neu-gerechnet/PRIVATE_NONE-P405_FR-none/01_Overall/PRIVATE_NONE-P405_FR-none_1948_Overall-origin.jpg
/home/mkpacc/CURRENT_IMPORT/neu-gerechnet/PRIVATE_NONE-P405_FR-none/01_Overall/PRIVATE_NONE-P405_FR-none_1978_Overall-001-origin.jpg
/home/mkpacc/CURRENT_IMPORT/neu-gerechnet/PRIVATE_NONE-P405_FR-none/01_Overall/PRIVATE_NONE-P405_FR-none_Overall-002-origin.jpg
/home/mkpacc/CURRENT_IMPORT/neu-gerechnet/DE_LHW-Lost_NONE-001_FR-none/12_KOE/01_Overall/DE_LHW-Lost_NONE-001_FR-none_1986_KOE_Overall-001v-origin.jpg
/home/mkpacc/CURRENT_IMPORT/neu-gerechnet/DE_LHW-Lost_NONE-001_FR-none/12_KOE/01_Overall/DE_LHW-Lost_NONE-001_FR-none_1986_KOE_Overall-001r-origin.jpg
/home/mkpacc/CURRENT_IMPORT/neu-gerechnet/DE_LHW-Lost_NONE-001_FR-none/01_Overall/DE_LHW-Lost_NONE-001_FR-none_Overall-origin.jpg
/home/mkpacc/CURRENT_IMPORT/neu-gerechnet/ES_FLG_2911_FR-none/01_Overall/ES_FLG_2911_FR-none_before1974_Overall-001-origin.jpg
/home/mkpacc/CURRENT_IMPORT/neu-gerechnet/ES_FLG_2911_FR-none/01_Overall/ES_FLG_2911_FR-none_2016_Overall-origin.jpg
